TN:
SF:db.js
FN:22,(anonymous_0)
FN:23,(anonymous_1)
FN:24,(anonymous_2)
FN:36,(anonymous_3)
FN:41,(anonymous_4)
FN:42,(anonymous_5)
FN:48,(anonymous_6)
FN:49,(anonymous_7)
FN:55,(anonymous_8)
FN:58,(anonymous_9)
FN:64,(anonymous_10)
FN:67,(anonymous_11)
FN:75,startServer
FN:76,(anonymous_13)
FN:78,(anonymous_14)
FN:79,(anonymous_15)
FN:83,(anonymous_16)
FNF:17
FNH:8
FNDA:0,(anonymous_0)
FNDA:0,(anonymous_1)
FNDA:0,(anonymous_2)
FNDA:0,(anonymous_3)
FNDA:2,(anonymous_4)
FNDA:2,(anonymous_5)
FNDA:1,(anonymous_6)
FNDA:1,(anonymous_7)
FNDA:1,(anonymous_8)
FNDA:1,(anonymous_9)
FNDA:2,(anonymous_10)
FNDA:2,(anonymous_11)
FNDA:0,startServer
FNDA:0,(anonymous_13)
FNDA:0,(anonymous_14)
FNDA:0,(anonymous_15)
FNDA:0,(anonymous_16)
DA:1,1
DA:2,1
DA:3,1
DA:4,1
DA:5,1
DA:7,1
DA:8,1
DA:9,1
DA:11,1
DA:13,1
DA:22,1
DA:23,0
DA:24,0
DA:25,0
DA:26,0
DA:27,0
DA:29,0
DA:30,0
DA:36,1
DA:37,0
DA:41,1
DA:42,2
DA:43,2
DA:44,1
DA:48,1
DA:49,1
DA:50,1
DA:51,1
DA:55,1
DA:56,1
DA:57,1
DA:58,1
DA:59,1
DA:60,1
DA:64,1
DA:65,2
DA:66,2
DA:67,2
DA:68,2
DA:69,2
DA:70,1
DA:76,0
DA:77,0
DA:79,0
DA:80,0
DA:84,0
DA:89,1
DA:90,0
DA:93,1
LF:49
LH:35
BRDA:11,0,0,1
BRDA:11,0,1,0
BRDA:25,1,0,0
BRDA:25,1,1,0
BRDA:43,2,0,1
BRDA:43,2,1,1
BRDA:50,3,0,0
BRDA:50,3,1,1
BRDA:51,4,0,1
BRDA:51,4,1,0
BRDA:59,5,0,0
BRDA:59,5,1,1
BRDA:68,6,0,0
BRDA:68,6,1,2
BRDA:69,7,0,1
BRDA:69,7,1,1
BRDA:89,8,0,0
BRDA:89,8,1,1
BRF:18
BRH:10
end_of_record
